This is pdfTeX, Version 3.14159265-2.6-1.40.16 (TeX Live 2015/Debian) (preloaded format=pdflatex 2018.9.16)  30 SEP 2018 15:38
entering extended mode
 restricted \write18 enabled.
 %&-line parsing enabled.
**cognome_nome_laurea_aa.tex
(./cognome_nome_laurea_aa.tex
LaTeX2e <2016/02/01>
Babel <3.9q> and hyphenation patterns for 81 language(s) loaded.
(/usr/share/texlive/texmf-dist/tex/latex/base/book.cls
Document Class: book 2014/09/29 v1.4h Standard LaTeX document class
(/usr/share/texlive/texmf-dist/tex/latex/base/bk11.clo
File: bk11.clo 2014/09/29 v1.4h Standard LaTeX file (size option)
)
\c@part=\count79
\c@chapter=\count80
\c@section=\count81
\c@subsection=\count82
\c@subsubsection=\count83
\c@paragraph=\count84
\c@subparagraph=\count85
\c@figure=\count86
\c@table=\count87
\abovecaptionskip=\skip41
\belowcaptionskip=\skip42
\bibindent=\dimen102
)
(/usr/share/texlive/texmf-dist/tex/latex/graphics/epsfig.sty
Package: epsfig 1999/02/16 v1.7a (e)psfig emulation (SPQR)

(/usr/share/texlive/texmf-dist/tex/latex/graphics/graphicx.sty
Package: graphicx 2014/10/28 v1.0g Enhanced LaTeX Graphics (DPC,SPQR)

(/usr/share/texlive/texmf-dist/tex/latex/graphics/keyval.sty
Package: keyval 2014/10/28 v1.15 key=value parser (DPC)
\KV@toks@=\toks14
)
(/usr/share/texlive/texmf-dist/tex/latex/graphics/graphics.sty
Package: graphics 2016/01/03 v1.0q Standard LaTeX Graphics (DPC,SPQR)

(/usr/share/texlive/texmf-dist/tex/latex/graphics/trig.sty
Package: trig 2016/01/03 v1.10 sin cos tan (DPC)
)
(/usr/share/texlive/texmf-dist/tex/latex/latexconfig/graphics.cfg
File: graphics.cfg 2010/04/23 v1.9 graphics configuration of TeX Live
)
Package graphics Info: Driver file: pdftex.def on input line 95.

(/usr/share/texlive/texmf-dist/tex/latex/pdftex-def/pdftex.def
File: pdftex.def 2011/05/27 v0.06d Graphics/color for pdfTeX

(/usr/share/texlive/texmf-dist/tex/generic/oberdiek/infwarerr.sty
Package: infwarerr 2010/04/08 v1.3 Providing info/warning/error messages (HO)
)
(/usr/share/texlive/texmf-dist/tex/generic/oberdiek/ltxcmds.sty
Package: ltxcmds 2011/11/09 v1.22 LaTeX kernel commands for general use (HO)
)
\Gread@gobject=\count88
))
\Gin@req@height=\dimen103
\Gin@req@width=\dimen104
)
\epsfxsize=\dimen105
\epsfysize=\dimen106
)
(/usr/share/texlive/texmf-dist/tex/latex/carlisle/plain.sty
Package: plain 1996/04/22 Plain TeX emulation (DPC)
\tabs@latex=\box26
\tabsyet@latex=\box27
\tabsdone@latex=\box28
)
(/usr/share/texlive/texmf-dist/tex/latex/setspace/setspace.sty
Package: setspace 2011/12/19 v6.7a set line spacing
)
(/usr/share/texlive/texmf-dist/tex/latex/geometry/geometry.sty
Package: geometry 2010/09/12 v5.6 Page Geometry

(/usr/share/texlive/texmf-dist/tex/generic/oberdiek/ifpdf.sty
Package: ifpdf 2011/01/30 v2.3 Provides the ifpdf switch (HO)
Package ifpdf Info: pdfTeX in PDF mode is detected.
)
(/usr/share/texlive/texmf-dist/tex/generic/oberdiek/ifvtex.sty
Package: ifvtex 2010/03/01 v1.5 Detect VTeX and its facilities (HO)
Package ifvtex Info: VTeX not detected.
)
(/usr/share/texlive/texmf-dist/tex/generic/ifxetex/ifxetex.sty
Package: ifxetex 2010/09/12 v0.6 Provides ifxetex conditional
)
\Gm@cnth=\count89
\Gm@cntv=\count90
\c@Gm@tempcnt=\count91
\Gm@bindingoffset=\dimen107
\Gm@wd@mp=\dimen108
\Gm@odd@mp=\dimen109
\Gm@even@mp=\dimen110
\Gm@layoutwidth=\dimen111
\Gm@layoutheight=\dimen112
\Gm@layouthoffset=\dimen113
\Gm@layoutvoffset=\dimen114
\Gm@dimlist=\toks15
)
(/usr/share/texlive/texmf-dist/tex/latex/titlesec/titlesec.sty
Package: titlesec 2016/03/15 v2.10.1 Sectioning titles
\ttl@box=\box29
\beforetitleunit=\skip43
\aftertitleunit=\skip44
\ttl@plus=\dimen115
\ttl@minus=\dimen116
\ttl@toksa=\toks16
\titlewidth=\dimen117
\titlewidthlast=\dimen118
\titlewidthfirst=\dimen119
)
(/usr/share/texlive/texmf-dist/tex/latex/wrapfig/wrapfig.sty
\wrapoverhang=\dimen120
\WF@size=\dimen121
\c@WF@wrappedlines=\count92
\WF@box=\box30
\WF@everypar=\toks17
Package: wrapfig 2003/01/31  v 3.6
)
(/usr/share/texlive/texmf-dist/tex/latex/url/url.sty
\Urlmuskip=\muskip10
Package: url 2013/09/16  ver 3.4  Verb mode for urls, etc.
)
(/usr/share/texlive/texmf-dist/tex/latex/pgfplots/pgfplots.sty
(/usr/share/texlive/texmf-dist/tex/generic/pgfplots/pgfplots.revision.tex)
Package: pgfplots 2016/01/06 v1.13 Data Visualization (1.13)

(/usr/share/texlive/texmf-dist/tex/latex/pgf/frontendlayer/tikz.sty
(/usr/share/texlive/texmf-dist/tex/latex/pgf/basiclayer/pgf.sty
(/usr/share/texlive/texmf-dist/tex/latex/pgf/utilities/pgfrcs.sty
(/usr/share/texlive/texmf-dist/tex/generic/pgf/utilities/pgfutil-common.tex
\pgfutil@everybye=\toks18
\pgfutil@tempdima=\dimen122
\pgfutil@tempdimb=\dimen123

(/usr/share/texlive/texmf-dist/tex/generic/pgf/utilities/pgfutil-common-lists.t
ex)) (/usr/share/texlive/texmf-dist/tex/generic/pgf/utilities/pgfutil-latex.def
\pgfutil@abb=\box31
(/usr/share/texlive/texmf-dist/tex/latex/ms/everyshi.sty
Package: everyshi 2001/05/15 v3.00 EveryShipout Package (MS)
))
(/usr/share/texlive/texmf-dist/tex/generic/pgf/utilities/pgfrcs.code.tex
Package: pgfrcs 2015/08/07 v3.0.1a (rcs-revision 1.31)
))
Package: pgf 2015/08/07 v3.0.1a (rcs-revision 1.15)

(/usr/share/texlive/texmf-dist/tex/latex/pgf/basiclayer/pgfcore.sty
(/usr/share/texlive/texmf-dist/tex/latex/pgf/systemlayer/pgfsys.sty
(/usr/share/texlive/texmf-dist/tex/generic/pgf/systemlayer/pgfsys.code.tex
Package: pgfsys 2014/07/09 v3.0.1a (rcs-revision 1.48)

(/usr/share/texlive/texmf-dist/tex/generic/pgf/utilities/pgfkeys.code.tex
\pgfkeys@pathtoks=\toks19
\pgfkeys@temptoks=\toks20

(/usr/share/texlive/texmf-dist/tex/generic/pgf/utilities/pgfkeysfiltered.code.t
ex
\pgfkeys@tmptoks=\toks21
))
\pgf@x=\dimen124
\pgf@y=\dimen125
\pgf@xa=\dimen126
\pgf@ya=\dimen127
\pgf@xb=\dimen128
\pgf@yb=\dimen129
\pgf@xc=\dimen130
\pgf@yc=\dimen131
\w@pgf@writea=\write3
\r@pgf@reada=\read1
\c@pgf@counta=\count93
\c@pgf@countb=\count94
\c@pgf@countc=\count95
\c@pgf@countd=\count96
\t@pgf@toka=\toks22
\t@pgf@tokb=\toks23
\t@pgf@tokc=\toks24
 (/usr/share/texlive/texmf-dist/tex/generic/pgf/systemlayer/pgf.cfg
File: pgf.cfg 2008/05/14  (rcs-revision 1.7)
)
Driver file for pgf: pgfsys-pdftex.def

(/usr/share/texlive/texmf-dist/tex/generic/pgf/systemlayer/pgfsys-pdftex.def
File: pgfsys-pdftex.def 2014/10/11  (rcs-revision 1.35)

(/usr/share/texlive/texmf-dist/tex/generic/pgf/systemlayer/pgfsys-common-pdf.de
f
File: pgfsys-common-pdf.def 2013/10/10  (rcs-revision 1.13)
)))
(/usr/share/texlive/texmf-dist/tex/generic/pgf/systemlayer/pgfsyssoftpath.code.
tex
File: pgfsyssoftpath.code.tex 2013/09/09  (rcs-revision 1.9)
\pgfsyssoftpath@smallbuffer@items=\count97
\pgfsyssoftpath@bigbuffer@items=\count98
)
(/usr/share/texlive/texmf-dist/tex/generic/pgf/systemlayer/pgfsysprotocol.code.
tex
File: pgfsysprotocol.code.tex 2006/10/16  (rcs-revision 1.4)
)) (/usr/share/texlive/texmf-dist/tex/latex/xcolor/xcolor.sty
Package: xcolor 2007/01/21 v2.11 LaTeX color extensions (UK)

(/usr/share/texlive/texmf-dist/tex/latex/latexconfig/color.cfg
File: color.cfg 2007/01/18 v1.5 color configuration of teTeX/TeXLive
)
Package xcolor Info: Driver file: pdftex.def on input line 225.
Package xcolor Info: Model `cmy' substituted by `cmy0' on input line 1337.
Package xcolor Info: Model `hsb' substituted by `rgb' on input line 1341.
Package xcolor Info: Model `RGB' extended on input line 1353.
Package xcolor Info: Model `HTML' substituted by `rgb' on input line 1355.
Package xcolor Info: Model `Hsb' substituted by `hsb' on input line 1356.
Package xcolor Info: Model `tHsb' substituted by `hsb' on input line 1357.
Package xcolor Info: Model `HSB' substituted by `hsb' on input line 1358.
Package xcolor Info: Model `Gray' substituted by `gray' on input line 1359.
Package xcolor Info: Model `wave' substituted by `hsb' on input line 1360.
)
(/usr/share/texlive/texmf-dist/tex/generic/pgf/basiclayer/pgfcore.code.tex
Package: pgfcore 2010/04/11 v3.0.1a (rcs-revision 1.7)

(/usr/share/texlive/texmf-dist/tex/generic/pgf/math/pgfmath.code.tex
(/usr/share/texlive/texmf-dist/tex/generic/pgf/math/pgfmathcalc.code.tex
(/usr/share/texlive/texmf-dist/tex/generic/pgf/math/pgfmathutil.code.tex)
(/usr/share/texlive/texmf-dist/tex/generic/pgf/math/pgfmathparser.code.tex
\pgfmath@dimen=\dimen132
\pgfmath@count=\count99
\pgfmath@box=\box32
\pgfmath@toks=\toks25
\pgfmath@stack@operand=\toks26
\pgfmath@stack@operation=\toks27
)
(/usr/share/texlive/texmf-dist/tex/generic/pgf/math/pgfmathfunctions.code.tex
(/usr/share/texlive/texmf-dist/tex/generic/pgf/math/pgfmathfunctions.basic.code
.tex)
(/usr/share/texlive/texmf-dist/tex/generic/pgf/math/pgfmathfunctions.trigonomet
ric.code.tex)
(/usr/share/texlive/texmf-dist/tex/generic/pgf/math/pgfmathfunctions.random.cod
e.tex)
(/usr/share/texlive/texmf-dist/tex/generic/pgf/math/pgfmathfunctions.comparison
.code.tex)
(/usr/share/texlive/texmf-dist/tex/generic/pgf/math/pgfmathfunctions.base.code.
tex)
(/usr/share/texlive/texmf-dist/tex/generic/pgf/math/pgfmathfunctions.round.code
.tex)
(/usr/share/texlive/texmf-dist/tex/generic/pgf/math/pgfmathfunctions.misc.code.
tex)
(/usr/share/texlive/texmf-dist/tex/generic/pgf/math/pgfmathfunctions.integerari
thmetics.code.tex)))
(/usr/share/texlive/texmf-dist/tex/generic/pgf/math/pgfmathfloat.code.tex
\c@pgfmathroundto@lastzeros=\count100
))
(/usr/share/texlive/texmf-dist/tex/generic/pgf/basiclayer/pgfcorepoints.code.te
x
File: pgfcorepoints.code.tex 2013/10/07  (rcs-revision 1.27)
\pgf@picminx=\dimen133
\pgf@picmaxx=\dimen134
\pgf@picminy=\dimen135
\pgf@picmaxy=\dimen136
\pgf@pathminx=\dimen137
\pgf@pathmaxx=\dimen138
\pgf@pathminy=\dimen139
\pgf@pathmaxy=\dimen140
\pgf@xx=\dimen141
\pgf@xy=\dimen142
\pgf@yx=\dimen143
\pgf@yy=\dimen144
\pgf@zx=\dimen145
\pgf@zy=\dimen146
)
(/usr/share/texlive/texmf-dist/tex/generic/pgf/basiclayer/pgfcorepathconstruct.
code.tex
File: pgfcorepathconstruct.code.tex 2013/10/07  (rcs-revision 1.29)
\pgf@path@lastx=\dimen147
\pgf@path@lasty=\dimen148
)
(/usr/share/texlive/texmf-dist/tex/generic/pgf/basiclayer/pgfcorepathusage.code
.tex
File: pgfcorepathusage.code.tex 2014/11/02  (rcs-revision 1.24)
\pgf@shorten@end@additional=\dimen149
\pgf@shorten@start@additional=\dimen150
)
(/usr/share/texlive/texmf-dist/tex/generic/pgf/basiclayer/pgfcorescopes.code.te
x
File: pgfcorescopes.code.tex 2015/05/08  (rcs-revision 1.46)
\pgfpic=\box33
\pgf@hbox=\box34
\pgf@layerbox@main=\box35
\pgf@picture@serial@count=\count101
)
(/usr/share/texlive/texmf-dist/tex/generic/pgf/basiclayer/pgfcoregraphicstate.c
ode.tex
File: pgfcoregraphicstate.code.tex 2014/11/02  (rcs-revision 1.12)
\pgflinewidth=\dimen151
)
(/usr/share/texlive/texmf-dist/tex/generic/pgf/basiclayer/pgfcoretransformation
s.code.tex
File: pgfcoretransformations.code.tex 2015/08/07  (rcs-revision 1.20)
\pgf@pt@x=\dimen152
\pgf@pt@y=\dimen153
\pgf@pt@temp=\dimen154
)
(/usr/share/texlive/texmf-dist/tex/generic/pgf/basiclayer/pgfcorequick.code.tex
File: pgfcorequick.code.tex 2008/10/09  (rcs-revision 1.3)
)
(/usr/share/texlive/texmf-dist/tex/generic/pgf/basiclayer/pgfcoreobjects.code.t
ex
File: pgfcoreobjects.code.tex 2006/10/11  (rcs-revision 1.2)
)
(/usr/share/texlive/texmf-dist/tex/generic/pgf/basiclayer/pgfcorepathprocessing
.code.tex
File: pgfcorepathprocessing.code.tex 2013/09/09  (rcs-revision 1.9)
)
(/usr/share/texlive/texmf-dist/tex/generic/pgf/basiclayer/pgfcorearrows.code.te
x
File: pgfcorearrows.code.tex 2015/05/14  (rcs-revision 1.43)
\pgfarrowsep=\dimen155
)
(/usr/share/texlive/texmf-dist/tex/generic/pgf/basiclayer/pgfcoreshade.code.tex
File: pgfcoreshade.code.tex 2013/07/15  (rcs-revision 1.15)
\pgf@max=\dimen156
\pgf@sys@shading@range@num=\count102
)
(/usr/share/texlive/texmf-dist/tex/generic/pgf/basiclayer/pgfcoreimage.code.tex
File: pgfcoreimage.code.tex 2013/07/15  (rcs-revision 1.18)

(/usr/share/texlive/texmf-dist/tex/generic/pgf/basiclayer/pgfcoreexternal.code.
tex
File: pgfcoreexternal.code.tex 2014/07/09  (rcs-revision 1.21)
\pgfexternal@startupbox=\box36
))
(/usr/share/texlive/texmf-dist/tex/generic/pgf/basiclayer/pgfcorelayers.code.te
x
File: pgfcorelayers.code.tex 2013/07/18  (rcs-revision 1.7)
)
(/usr/share/texlive/texmf-dist/tex/generic/pgf/basiclayer/pgfcoretransparency.c
ode.tex
File: pgfcoretransparency.code.tex 2013/09/30  (rcs-revision 1.5)
)
(/usr/share/texlive/texmf-dist/tex/generic/pgf/basiclayer/pgfcorepatterns.code.
tex
File: pgfcorepatterns.code.tex 2013/11/07  (rcs-revision 1.5)
)))
(/usr/share/texlive/texmf-dist/tex/generic/pgf/modules/pgfmoduleshapes.code.tex
File: pgfmoduleshapes.code.tex 2014/03/21  (rcs-revision 1.35)
\pgfnodeparttextbox=\box37
) (/usr/share/texlive/texmf-dist/tex/generic/pgf/modules/pgfmoduleplot.code.tex
File: pgfmoduleplot.code.tex 2015/08/03  (rcs-revision 1.13)
)
(/usr/share/texlive/texmf-dist/tex/latex/pgf/compatibility/pgfcomp-version-0-65
.sty
Package: pgfcomp-version-0-65 2007/07/03 v3.0.1a (rcs-revision 1.7)
\pgf@nodesepstart=\dimen157
\pgf@nodesepend=\dimen158
)
(/usr/share/texlive/texmf-dist/tex/latex/pgf/compatibility/pgfcomp-version-1-18
.sty
Package: pgfcomp-version-1-18 2007/07/23 v3.0.1a (rcs-revision 1.1)
)) (/usr/share/texlive/texmf-dist/tex/latex/pgf/utilities/pgffor.sty
(/usr/share/texlive/texmf-dist/tex/latex/pgf/utilities/pgfkeys.sty
(/usr/share/texlive/texmf-dist/tex/generic/pgf/utilities/pgfkeys.code.tex))
(/usr/share/texlive/texmf-dist/tex/latex/pgf/math/pgfmath.sty
(/usr/share/texlive/texmf-dist/tex/generic/pgf/math/pgfmath.code.tex))
(/usr/share/texlive/texmf-dist/tex/generic/pgf/utilities/pgffor.code.tex
Package: pgffor 2013/12/13 v3.0.1a (rcs-revision 1.25)

(/usr/share/texlive/texmf-dist/tex/generic/pgf/math/pgfmath.code.tex)
\pgffor@iter=\dimen159
\pgffor@skip=\dimen160
\pgffor@stack=\toks28
\pgffor@toks=\toks29
))
(/usr/share/texlive/texmf-dist/tex/generic/pgf/frontendlayer/tikz/tikz.code.tex
Package: tikz 2015/08/07 v3.0.1a (rcs-revision 1.151)

(/usr/share/texlive/texmf-dist/tex/generic/pgf/libraries/pgflibraryplothandlers
.code.tex
File: pgflibraryplothandlers.code.tex 2013/08/31 v3.0.1a (rcs-revision 1.20)
\pgf@plot@mark@count=\count103
\pgfplotmarksize=\dimen161
)
\tikz@lastx=\dimen162
\tikz@lasty=\dimen163
\tikz@lastxsaved=\dimen164
\tikz@lastysaved=\dimen165
\tikzleveldistance=\dimen166
\tikzsiblingdistance=\dimen167
\tikz@figbox=\box38
\tikz@figbox@bg=\box39
\tikz@tempbox=\box40
\tikz@tempbox@bg=\box41
\tikztreelevel=\count104
\tikznumberofchildren=\count105
\tikznumberofcurrentchild=\count106
\tikz@fig@count=\count107

(/usr/share/texlive/texmf-dist/tex/generic/pgf/modules/pgfmodulematrix.code.tex
File: pgfmodulematrix.code.tex 2013/09/17  (rcs-revision 1.8)
\pgfmatrixcurrentrow=\count108
\pgfmatrixcurrentcolumn=\count109
\pgf@matrix@numberofcolumns=\count110
)
\tikz@expandcount=\count111

(/usr/share/texlive/texmf-dist/tex/generic/pgf/frontendlayer/tikz/libraries/tik
zlibrarytopaths.code.tex
File: tikzlibrarytopaths.code.tex 2008/06/17 v3.0.1a (rcs-revision 1.2)
)))
(/usr/share/texlive/texmf-dist/tex/generic/pgfplots/pgfplots.code.tex
(/usr/share/texlive/texmf-dist/tex/generic/pgfplots/pgfplotscore.code.tex
\t@pgfplots@toka=\toks30
\t@pgfplots@tokb=\toks31
\t@pgfplots@tokc=\toks32
\pgfplots@tmpa=\dimen168
\c@pgfplots@coordindex=\count112
\c@pgfplots@scanlineindex=\count113

(/usr/share/texlive/texmf-dist/tex/generic/pgfplots/sys/pgfplotssysgeneric.code
.tex))
(/usr/share/texlive/texmf-dist/tex/generic/pgfplots/libs/pgfplotslibrary.code.t
ex)
(/usr/share/texlive/texmf-dist/tex/generic/pgfplots/oldpgfcompatib/pgfplotsoldp
gfsupp_loader.code.tex
(/usr/share/texlive/texmf-dist/tex/generic/pgf/libraries/pgflibraryfpu.code.tex
)
Package pgfplots: loading complementary arithmetics for your pgf version...

(/usr/share/texlive/texmf-dist/tex/generic/pgfplots/oldpgfcompatib/pgfplotsoldp
gfsupp_pgflibraryfpu.code.tex)
(/usr/share/texlive/texmf-dist/tex/generic/pgfplots/oldpgfcompatib/pgfplotsoldp
gfsupp_pgfmathfloat.code.tex
\c@pgfmathroundto@lastzeros=\count114
))
(/usr/share/texlive/texmf-dist/tex/generic/pgfplots/util/pgfplotsutil.code.tex
(/usr/share/texlive/texmf-dist/tex/generic/pgfplots/liststructure/pgfplotslists
tructure.code.tex)
(/usr/share/texlive/texmf-dist/tex/generic/pgfplots/liststructure/pgfplotslists
tructureext.code.tex)
(/usr/share/texlive/texmf-dist/tex/generic/pgfplots/liststructure/pgfplotsarray
.code.tex
\c@pgfplotsarray@tmp=\count115
)
(/usr/share/texlive/texmf-dist/tex/generic/pgfplots/liststructure/pgfplotsmatri
x.code.tex)
(/usr/share/texlive/texmf-dist/tex/generic/pgfplots/numtable/pgfplotstableshare
d.code.tex
\c@pgfplotstable@counta=\count116
\t@pgfplotstable@a=\toks33
)
(/usr/share/texlive/texmf-dist/tex/generic/pgfplots/liststructure/pgfplotsdeque
.code.tex)
(/usr/share/texlive/texmf-dist/tex/generic/pgfplots/util/pgfplotsbinary.code.te
x
(/usr/share/texlive/texmf-dist/tex/generic/pgfplots/util/pgfplotsbinary.data.co
de.tex))
(/usr/share/texlive/texmf-dist/tex/generic/pgfplots/util/pgfplotsutil.verb.code
.tex)
(/usr/share/texlive/texmf-dist/tex/generic/pgfplots/libs/pgflibrarypgfplots.sur
fshading.code.tex
\c@pgfplotslibrarysurf@no=\count117

(/usr/share/texlive/texmf-dist/tex/generic/pgfplots/sys/pgflibrarypgfplots.surf
shading.pgfsys-pdftex.def)))
(/usr/share/texlive/texmf-dist/tex/generic/pgfplots/util/pgfplotscolormap.code.
tex
(/usr/share/texlive/texmf-dist/tex/generic/pgfplots/util/pgfplotscolor.code.tex
))
(/usr/share/texlive/texmf-dist/tex/generic/pgfplots/pgfplotsstackedplots.code.t
ex)
(/usr/share/texlive/texmf-dist/tex/generic/pgfplots/pgfplotsplothandlers.code.t
ex
(/usr/share/texlive/texmf-dist/tex/generic/pgfplots/pgfplotsmeshplothandler.cod
e.tex
(/usr/share/texlive/texmf-dist/tex/generic/pgfplots/pgfplotsmeshplotimage.code.
tex)))
(/usr/share/texlive/texmf-dist/tex/generic/pgfplots/pgfplots.scaling.code.tex)
(/usr/share/texlive/texmf-dist/tex/generic/pgfplots/pgfplotscoordprocessing.cod
e.tex)
(/usr/share/texlive/texmf-dist/tex/generic/pgfplots/pgfplots.errorbars.code.tex
) (/usr/share/texlive/texmf-dist/tex/generic/pgfplots/pgfplots.markers.code.tex
) (/usr/share/texlive/texmf-dist/tex/generic/pgfplots/pgfplotsticks.code.tex)
(/usr/share/texlive/texmf-dist/tex/generic/pgfplots/pgfplots.paths.code.tex)
(/usr/share/texlive/texmf-dist/tex/generic/pgf/frontendlayer/tikz/libraries/tik
zlibrarydecorations.code.tex
(/usr/share/texlive/texmf-dist/tex/generic/pgf/modules/pgfmoduledecorations.cod
e.tex
\pgfdecoratedcompleteddistance=\dimen169
\pgfdecoratedremainingdistance=\dimen170
\pgfdecoratedinputsegmentcompleteddistance=\dimen171
\pgfdecoratedinputsegmentremainingdistance=\dimen172
\pgf@decorate@distancetomove=\dimen173
\pgf@decorate@repeatstate=\count118
\pgfdecorationsegmentamplitude=\dimen174
\pgfdecorationsegmentlength=\dimen175
)
\tikz@lib@dec@box=\box42
)
(/usr/share/texlive/texmf-dist/tex/generic/pgf/frontendlayer/tikz/libraries/tik
zlibrarydecorations.pathmorphing.code.tex
(/usr/share/texlive/texmf-dist/tex/generic/pgf/libraries/decorations/pgflibrary
decorations.pathmorphing.code.tex))
(/usr/share/texlive/texmf-dist/tex/generic/pgf/frontendlayer/tikz/libraries/tik
zlibrarydecorations.pathreplacing.code.tex
(/usr/share/texlive/texmf-dist/tex/generic/pgf/libraries/decorations/pgflibrary
decorations.pathreplacing.code.tex))
\pgfplots@numplots=\count119
\pgfplots@xmin@reg=\dimen176
\pgfplots@xmax@reg=\dimen177
\pgfplots@ymin@reg=\dimen178
\pgfplots@ymax@reg=\dimen179
\pgfplots@zmin@reg=\dimen180
\pgfplots@zmax@reg=\dimen181
)
(/usr/share/texlive/texmf-dist/tex/generic/pgf/frontendlayer/tikz/libraries/tik
zlibraryplotmarks.code.tex
File: tikzlibraryplotmarks.code.tex 2008/01/09 v3.0.1a (rcs-revision 1.1)

(/usr/share/texlive/texmf-dist/tex/generic/pgf/libraries/pgflibraryplotmarks.co
de.tex
File: pgflibraryplotmarks.code.tex 2015/08/03 v3.0.1a (rcs-revision 1.14)
))) (/usr/share/texlive/texmf-dist/tex/latex/base/inputenc.sty
Package: inputenc 2015/03/17 v1.2c Input encoding file
\inpenc@prehook=\toks34
\inpenc@posthook=\toks35

(/usr/share/texlive/texmf-dist/tex/latex/ucs/utf8x.def
File: utf8x.def 2004/10/17 UCS: Input encoding UTF-8
))
(/usr/share/texlive/texmf-dist/tex/latex/ucs/ucs.sty
Package: ucs 2013/05/11 v2.2 UCS: Unicode input support

(/usr/share/texlive/texmf-dist/tex/latex/ucs/data/uni-global.def
File: uni-global.def 2013/05/13 UCS: Unicode global data
)
\uc@secondtry=\count120
\uc@combtoks=\toks36
\uc@combtoksb=\toks37
\uc@temptokena=\toks38
)
(/usr/share/texlive/texmf-dist/tex/generic/babel/babel.sty
Package: babel 2016/02/24 3.9q The Babel package

(/usr/share/texlive/texmf-dist/tex/generic/babel-italian/italian.ldf
Language: italian 2015/03/26 v1.3n Italian support from the babel system

(/usr/share/texlive/texmf-dist/tex/generic/babel/babel.def
File: babel.def 2016/02/24 3.9q Babel common definitions
\babel@savecnt=\count121
\U@D=\dimen182
)
\it@lettering=\count122
\it@doublequoteactive=\count123
\it@ISOcompliance=\count124
))
(/usr/share/texlive/texmf-dist/tex/latex/etoolbox/etoolbox.sty
Package: etoolbox 2015/08/02 v2.2a e-TeX tools for LaTeX (JAW)
\etb@tempcnta=\count125
)

LaTeX Warning: Unused global option(s):
    [epsfig].

(./cognome_nome_laurea_aa.aux

LaTeX Warning: Label `sec:context' multiply defined.


LaTeX Warning: Label `sec:context' multiply defined.


LaTeX Warning: Label `fig:1' multiply defined.


LaTeX Warning: Label `fig:1' multiply defined.


LaTeX Warning: Label `fig:1' multiply defined.


LaTeX Warning: Label `fig:1' multiply defined.


LaTeX Warning: Label `fig:1' multiply defined.


LaTeX Warning: Label `fig:1' multiply defined.


LaTeX Warning: Label `fig:1' multiply defined.


LaTeX Warning: Label `fig:1' multiply defined.


LaTeX Warning: Label `fig:1' multiply defined.


LaTeX Warning: Label `fig:1' multiply defined.


LaTeX Warning: Label `fig:1' multiply defined.


LaTeX Warning: Label `fig:1' multiply defined.


LaTeX Warning: Label `fig:1' multiply defined.


LaTeX Warning: Label `fig:1' multiply defined.


LaTeX Warning: Label `fig:1' multiply defined.


LaTeX Warning: Label `fig:1' multiply defined.


LaTeX Warning: Label `sec:problem' multiply defined.


LaTeX Warning: Label `fig:1' multiply defined.


LaTeX Warning: Label `fig:1' multiply defined.


LaTeX Warning: Label `fig:1' multiply defined.


LaTeX Warning: Label `fig:1' multiply defined.


LaTeX Warning: Label `cha:789' multiply defined.

)
\openout1 = `cognome_nome_laurea_aa.aux'.

LaTeX Font Info:    Checking defaults for OML/cmm/m/it on input line 38.
LaTeX Font Info:    ... okay on input line 38.
LaTeX Font Info:    Checking defaults for T1/cmr/m/n on input line 38.
LaTeX Font Info:    ... okay on input line 38.
LaTeX Font Info:    Checking defaults for OT1/cmr/m/n on input line 38.
LaTeX Font Info:    ... okay on input line 38.
LaTeX Font Info:    Checking defaults for OMS/cmsy/m/n on input line 38.
LaTeX Font Info:    ... okay on input line 38.
LaTeX Font Info:    Checking defaults for OMX/cmex/m/n on input line 38.
LaTeX Font Info:    ... okay on input line 38.
LaTeX Font Info:    Checking defaults for U/cmr/m/n on input line 38.
LaTeX Font Info:    ... okay on input line 38.
 (/usr/share/texlive/texmf-dist/tex/context/base/supp-pdf.mkii
[Loading MPS to PDF converter (version 2006.09.02).]
\scratchcounter=\count126
\scratchdimen=\dimen183
\scratchbox=\box43
\nofMPsegments=\count127
\nofMParguments=\count128
\everyMPshowfont=\toks39
\MPscratchCnt=\count129
\MPscratchDim=\dimen184
\MPnumerator=\count130
\makeMPintoPDFobject=\count131
\everyMPtoPDFconversion=\toks40
) (/usr/share/texlive/texmf-dist/tex/generic/oberdiek/pdftexcmds.sty
Package: pdftexcmds 2011/11/29 v0.20 Utility functions of pdfTeX for LuaTeX (HO
)

(/usr/share/texlive/texmf-dist/tex/generic/oberdiek/ifluatex.sty
Package: ifluatex 2010/03/01 v1.3 Provides the ifluatex switch (HO)
Package ifluatex Info: LuaTeX not detected.
)
Package pdftexcmds Info: LuaTeX not detected.
Package pdftexcmds Info: \pdf@primitive is available.
Package pdftexcmds Info: \pdf@ifprimitive is available.
Package pdftexcmds Info: \pdfdraftmode found.
)
(/usr/share/texlive/texmf-dist/tex/latex/oberdiek/epstopdf-base.sty
Package: epstopdf-base 2010/02/09 v2.5 Base part for package epstopdf

(/usr/share/texlive/texmf-dist/tex/latex/oberdiek/grfext.sty
Package: grfext 2010/08/19 v1.1 Manage graphics extensions (HO)

(/usr/share/texlive/texmf-dist/tex/generic/oberdiek/kvdefinekeys.sty
Package: kvdefinekeys 2011/04/07 v1.3 Define keys (HO)
))
(/usr/share/texlive/texmf-dist/tex/latex/oberdiek/kvoptions.sty
Package: kvoptions 2011/06/30 v3.11 Key value format for package options (HO)

(/usr/share/texlive/texmf-dist/tex/generic/oberdiek/kvsetkeys.sty
Package: kvsetkeys 2012/04/25 v1.16 Key value parser (HO)

(/usr/share/texlive/texmf-dist/tex/generic/oberdiek/etexcmds.sty
Package: etexcmds 2011/02/16 v1.5 Avoid name clashes with e-TeX commands (HO)
Package etexcmds Info: Could not find \expanded.
(etexcmds)             That can mean that you are not using pdfTeX 1.50 or
(etexcmds)             that some package has redefined \expanded.
(etexcmds)             In the latter case, load this package earlier.
)))
Package grfext Info: Graphics extension search list:
(grfext)             [.png,.pdf,.jpg,.mps,.jpeg,.jbig2,.jb2,.PNG,.PDF,.JPG,.JPE
G,.JBIG2,.JB2,.eps]
(grfext)             \AppendGraphicsExtensions on input line 452.

(/usr/share/texlive/texmf-dist/tex/latex/latexconfig/epstopdf-sys.cfg
File: epstopdf-sys.cfg 2010/07/13 v1.3 Configuration of (r)epstopdf for TeX Liv
e
))
*geometry* driver: auto-detecting
*geometry* detected driver: pdftex
*geometry* verbose mode - [ preamble ] result:
* driver: pdftex
* paper: custom
* layout: <same size as paper>
* layoutoffset:(h,v)=(0.0pt,0.0pt)
* modes: twoside 
* h-part:(L,W,R)=(71.13188pt, 483.69687pt, 42.67912pt)
* v-part:(T,H,B)=(56.9055pt, 731.23575pt, 56.9055pt)
* \paperwidth=597.50787pt
* \paperheight=845.04675pt
* \textwidth=483.69687pt
* \textheight=731.23575pt
* \oddsidemargin=-1.1381pt
* \evensidemargin=-29.59087pt
* \topmargin=-47.23828pt
* \headheight=12.0pt
* \headsep=19.8738pt
* \topskip=11.0pt
* \footskip=27.46295pt
* \marginparwidth=106.0pt
* \marginparsep=7.0pt
* \columnsep=10.0pt
* \skip\footins=10.0pt plus 4.0pt minus 2.0pt
* \hoffset=0.0pt
* \voffset=0.0pt
* \mag=1000
* \@twocolumnfalse
* \@twosidetrue
* \@mparswitchtrue
* \@reversemarginfalse
* (1in=72.27pt=25.4mm, 1cm=28.453pt)

ABD: EveryShipout initializing macros

Package pgfplots Warning: running in backwards compatibility mode (unsuitable t
ick labels; missing features). Consider writing \pgfplotsset{compat=1.13} into 
your preamble.
 on input line 38.

(/usr/share/texlive/texmf-dist/tex/latex/ucs/ucsencs.def
File: ucsencs.def 2011/01/21 Fixes to fontencodings LGR, T3
)
LaTeX Info: Redefining \it@ocap on input line 38.
LaTeX Info: Redefining \it@ccap on input line 38.


File italian.ldf warning: 
italian.ldf    With OT1 encoding guillemets are poorly faked
italian.ldf    Use T1 encoding
italian.ldf    or specify a font with command \CaporaliFrom
italian.ldf    See the documentation concerning the babel-italian typesetting 
italian.ldf    on input line 38.

(./pagina_iniziale.tex
Package epstopdf Info: Source file: <logo_unitn_black_center.eps>
(epstopdf)                    date: 2015-07-30 09:07:56
(epstopdf)                    size: 316347 bytes
(epstopdf)             Output file: <logo_unitn_black_center-eps-converted-to.p
df>
(epstopdf)                    date: 2015-09-10 12:22:38
(epstopdf)                    size: 84556 bytes
(epstopdf)             Command: <repstopdf --outfile=logo_unitn_black_center-ep
s-converted-to.pdf logo_unitn_black_center.eps>
(epstopdf)             \includegraphics on input line 7.
Package epstopdf Info: Output file is already uptodate.

<logo_unitn_black_center-eps-converted-to.pdf, id=4, 293.095pt x 126.4725pt>
File: logo_unitn_black_center-eps-converted-to.pdf Graphic file (type pdf)

<use logo_unitn_black_center-eps-converted-to.pdf>
Package pdftex.def Info: logo_unitn_black_center-eps-converted-to.pdf used on i
nput line 7.
(pdftex.def)             Requested size: 290.22107pt x 125.23131pt.

(/usr/share/texlive/texmf-dist/tex/latex/ucs/data/uni-32.def
File: uni-32.def 2013/05/13 UCS: Unicode data U+2000..U+20FF
)
LaTeX Font Info:    External font `cmex10' loaded for size
(Font)              <24.88> on input line 30.
LaTeX Font Info:    External font `cmex10' loaded for size
(Font)              <20.74> on input line 30.
LaTeX Font Info:    External font `cmex10' loaded for size
(Font)              <17.28> on input line 30.
) [1

{/var/lib/texmf/fonts/map/pdftex/updmap/pdftex.map} <./logo_unitn_black_center-
eps-converted-to.pdf>] (./ringraziamenti.tex
(/usr/share/texlive/texmf-dist/tex/latex/ucs/data/uni-0.def
File: uni-0.def 2013/05/13 UCS: Unicode data U+0000..U+00FF
)
LaTeX Font Info:    Try loading font information for OMS+cmr on input line 37.

(/usr/share/texlive/texmf-dist/tex/latex/base/omscmr.fd
File: omscmr.fd 2014/09/29 v2.5h Standard LaTeX font definitions
)
LaTeX Font Info:    Font shape `OMS/cmr/m/it' in size <10.95> not available
(Font)              Font shape `OMS/cmsy/m/n' tried instead on input line 37.

Underfull \hbox (badness 10000) in paragraph at lines 37--37

 []


Underfull \hbox (badness 10000) in paragraph at lines 37--37

 []


Underfull \hbox (badness 10000) in paragraph at lines 37--37

 []


Underfull \hbox (badness 10000) in paragraph at lines 37--37

 []


Underfull \hbox (badness 10000) in paragraph at lines 37--37

 []


Underfull \hbox (badness 10000) in paragraph at lines 37--37

 []


Underfull \hbox (badness 10000) in paragraph at lines 37--37

 []


Underfull \hbox (badness 10000) in paragraph at lines 37--37

 []


Underfull \hbox (badness 10000) in paragraph at lines 37--37

 []


Underfull \hbox (badness 10000) in paragraph at lines 37--37

 []


Underfull \hbox (badness 10000) in paragraph at lines 37--37

 []


Underfull \hbox (badness 10000) in paragraph at lines 37--37

 []


Underfull \hbox (badness 10000) in paragraph at lines 37--37

 []

) [2

] (./abstract.tex) [3

] [4


] (./cognome_nome_laurea_aa.toc
LaTeX Font Info:    External font `cmex10' loaded for size
(Font)              <10.95> on input line 4.
LaTeX Font Info:    External font `cmex10' loaded for size
(Font)              <8> on input line 4.
LaTeX Font Info:    External font `cmex10' loaded for size
(Font)              <6> on input line 4.
 [1

])
\tf@toc=\write4
\openout4 = `cognome_nome_laurea_aa.toc'.

 [2]
(./sommario.tex [3

] [4]) (./capitolo1.tex
Capitolo 1.
LaTeX Font Info:    Font shape `OMS/cmr/m/n' in size <10.95> not available
(Font)              Font shape `OMS/cmsy/m/n' tried instead on input line 13.
[5] <./images/amfm.jpg, id=45, 403.5075pt x 453.49425pt>
File: ./images/amfm.jpg Graphic file (type jpg)

<use ./images/amfm.jpg>
Package pdftex.def Info: ./images/amfm.jpg used on input line 20.
(pdftex.def)             Requested size: 92.80476pt x 104.30148pt.
 <./images/digital.jpg, id=46, 125.0271pt x 55.6479pt>
File: ./images/digital.jpg Graphic file (type jpg)

<use ./images/digital.jpg>
Package pdftex.def Info: ./images/digital.jpg used on input line 38.
(pdftex.def)             Requested size: 187.54016pt x 83.47162pt.

<./images/qpsk.png, id=47, 215.80624pt x 238.8925pt>
File: ./images/qpsk.png Graphic file (type png)
 <use ./images/qpsk.png>
Package pdftex.def Info: ./images/qpsk.png used on input line 42.
(pdftex.def)             Requested size: 86.32095pt x 95.5553pt.

<./images/dpsk.png, id=48, 451.6875pt x 170.88844pt>
File: ./images/dpsk.png Graphic file (type png)
 <use ./images/dpsk.png>
Package pdftex.def Info: ./images/dpsk.png used on input line 49.
(pdftex.def)             Requested size: 293.59338pt x 111.07616pt.

[6 <./images/amfm.jpg> <./images/digital.jpg> <./images/qpsk.png>]
<./images/constellation.png, id=54, 177.34969pt x 56.30853pt>
File: ./images/constellation.png Graphic file (type png)

<use ./images/constellation.png>
Package pdftex.def Info: ./images/constellation.png used on input line 58.
(pdftex.def)             Requested size: 336.96248pt x 106.98557pt.
 [7 <./images/dpsk.png> <./images/constellation.png (PNG copy)>]
Capitolo 2.
<./images/ofdm-simboli.png, id=59, 282.05376pt x 186.6975pt>
File: ./images/ofdm-simboli.png Graphic file (type png)

<use ./images/ofdm-simboli.png>
Package pdftex.def Info: ./images/ofdm-simboli.png used on input line 79.
(pdftex.def)             Requested size: 169.23355pt x 112.01935pt.

<./images/ofdmPie.png, id=60, 786.94pt x 422.57875pt>
File: ./images/ofdmPie.png Graphic file (type png)

<use ./images/ofdmPie.png>
Package pdftex.def Info: ./images/ofdmPie.png used on input line 83.
(pdftex.def)             Requested size: 196.73451pt x 105.64442pt.
 <./images/cp.png, id=61, 353.06906pt x 156.585pt>
File: ./images/cp.png Graphic file (type png)

<use ./images/cp.png>
Package pdftex.def Info: ./images/cp.png used on input line 91.
(pdftex.def)             Requested size: 353.06819pt x 156.58461pt.

Underfull \vbox (badness 1603) has occurred while \output is active []

 [8 <./images/ofdm-simboli.png> <./images/ofdmPie.png>]
<./images/equalizer.png, id=66, 564.1075pt x 191.71625pt>
File: ./images/equalizer.png Graphic file (type png)

<use ./images/equalizer.png>
Package pdftex.def Info: ./images/equalizer.png used on input line 97.
(pdftex.def)             Requested size: 394.87254pt x 134.20045pt.
 [9 <./images/cp.png> <./images/equalizer.png>]
<./images/ccDiagram.png, id=72, 378.41376pt x 470.75874pt>
File: ./images/ccDiagram.png Graphic file (type png)

<use ./images/ccDiagram.png>
Package pdftex.def Info: ./images/ccDiagram.png used on input line 111.
(pdftex.def)             Requested size: 151.36281pt x 188.30016pt.

<./images/ccTable.png, id=73, 592.2125pt x 236.885pt>
File: ./images/ccTable.png Graphic file (type png)

<use ./images/ccTable.png>
Package pdftex.def Info: ./images/ccTable.png used on input line 112.
(pdftex.def)             Requested size: 236.8808pt x 94.75232pt.
 [10 <./images/ccDiagram.png> <./images/ccTable.png>] <./images/multipath.png, 
id=77, 940.51375pt x 209.78375pt>
File: ./images/multipath.png Graphic file (type png)

<use ./images/multipath.png>
Package pdftex.def Info: ./images/multipath.png used on input line 122.
(pdftex.def)             Requested size: 310.3705pt x 69.22884pt.

Overfull \hbox (44.33575pt too wide) in paragraph at lines 122--123
[][] 
 []

<./images/doppler.png, id=78, 670.505pt x 347.2975pt>
File: ./images/doppler.png Graphic file (type png)

<use ./images/doppler.png>
Package pdftex.def Info: ./images/doppler.png used on input line 126.
(pdftex.def)             Requested size: 167.62584pt x 86.82416pt.

<./images/subcarriers.png, id=79, 944.52875pt x 221.82875pt>
File: ./images/subcarriers.png Graphic file (type png)

<use ./images/subcarriers.png>
Package pdftex.def Info: ./images/subcarriers.png used on input line 136.
(pdftex.def)             Requested size: 236.1316pt x 55.45705pt.

<./images/preambolo.png, id=80, 536.0025pt x 70.2625pt>
File: ./images/preambolo.png Graphic file (type png)

<use ./images/preambolo.png>
Package pdftex.def Info: ./images/preambolo.png used on input line 143.
(pdftex.def)             Requested size: 294.80228pt x 38.64449pt.
 <./images/FO0.png, id=81, 578.16pt x 433.62pt>
File: ./images/FO0.png Graphic file (type png)

<use ./images/FO0.png>
Package pdftex.def Info: ./images/FO0.png used on input line 159.
(pdftex.def)             Requested size: 167.6621pt x 125.74657pt.

Overfull \hbox (22.55156pt too wide) in paragraph at lines 159--160
[][] 
 []

<./images/FO1.png, id=82, 578.16pt x 433.62pt>
File: ./images/FO1.png Graphic file (type png)
 <use ./images/FO1.png>
Package pdftex.def Info: ./images/FO1.png used on input line 163.
(pdftex.def)             Requested size: 167.6621pt x 125.74657pt.

Overfull \hbox (22.55156pt too wide) in paragraph at lines 163--164
[][] 
 []

<./images/FO2.png, id=83, 578.16pt x 433.62pt>
File: ./images/FO2.png Graphic file (type png)
 <use ./images/FO2.png>
Package pdftex.def Info: ./images/FO2.png used on input line 167.
(pdftex.def)             Requested size: 167.6621pt x 125.74657pt.

Overfull \hbox (22.55156pt too wide) in paragraph at lines 167--168
[][] 
 []

[11 <./images/multipath.png> <./images/doppler.png> <./images/subcarriers.png> 
<./images/preambolo.png>] [12 <./images/FO0.png> <./images/FO1.png> <./images/F
O2.png>]
Capitolo 3.
<./images/sdrDiagram.png, id=93, 803.0pt x 562.1pt>
File: ./images/sdrDiagram.png Graphic file (type png)

<use ./images/sdrDiagram.png>
Package pdftex.def Info: ./images/sdrDiagram.png used on input line 198.
(pdftex.def)             Requested size: 264.99081pt x 185.49358pt.

Overfull \hbox (23.14238pt too wide) in paragraph at lines 198--199
[][] 
 []

<./images/sdrSoftware.jpg, id=94, 1027.84pt x 602.25pt>
File: ./images/sdrSoftware.jpg Graphic file (type jpg)

<use ./images/sdrSoftware.jpg>
Package pdftex.def Info: ./images/sdrSoftware.jpg used on input line 202.
(pdftex.def)             Requested size: 205.56436pt x 120.44786pt.

Overfull \hbox (12.08858pt too wide) in paragraph at lines 202--203
[][] 
 []


Underfull \hbox (badness 4940) in paragraph at lines 203--203
[]\OT1/cmr/m/n/10.95 Figura 3.2: Soft-ware ge-ne-ri-co per
 []

[13 <./images/sdrDiagram.png> <./images/sdrSoftware.jpg>]
<./images/B210.png, id=99, 497.86pt x 348.30125pt>
File: ./images/B210.png Graphic file (type png)
 <use ./images/B210.png>
Package pdftex.def Info: ./images/B210.png used on input line 212.
(pdftex.def)             Requested size: 224.03493pt x 156.73412pt.

<./images/rtlsdr.jpg, id=100, 307.1475pt x 216.81pt>
File: ./images/rtlsdr.jpg Graphic file (type jpg)
 <use ./images/rtlsdr.jpg>
Package pdftex.def Info: ./images/rtlsdr.jpg used on input line 219.
(pdftex.def)             Requested size: 168.93164pt x 119.24586pt.

Capitolo 4.
[14 <./images/B210.png> <./images/rtlsdr.jpg>]
Capitolo 5.

Underfull \vbox (badness 6625) has occurred while \output is active []

 [15]
[16]) (./capitolo2.tex
Capitolo 6.
<./images/Tx1.png, id=114, 1055.945pt x 244.915pt>
File: ./images/Tx1.png Graphic file (type png)
 <use ./images/Tx1.png>
Package pdftex.def Info: ./images/Tx1.png used on input line 12.
(pdftex.def)             Requested size: 432.94026pt x 100.41579pt.

[17 <./images/Tx1.png>] <./images/Tx2.png, id=118, 931.48pt x 170.6375pt>
File: ./images/Tx2.png Graphic file (type png)

<use ./images/Tx2.png>
Package pdftex.def Info: ./images/Tx2.png used on input line 19.
(pdftex.def)             Requested size: 409.85246pt x 75.08072pt.
 <./images/Tx3.png, id=119, 1015.795pt x 191.71625pt>
File: ./images/Tx3.png Graphic file (type png)

<use ./images/Tx3.png>
Package pdftex.def Info: ./images/Tx3.png used on input line 26.
(pdftex.def)             Requested size: 436.78334pt x 82.43637pt.
 [18 <./images/Tx2.png> <./images/Tx3.png>]
<./images/Tx4.png, id=123, 601.24625pt x 308.15125pt>
File: ./images/Tx4.png Graphic file (type png)
 <use ./images/Tx4.png>
Package pdftex.def Info: ./images/Tx4.png used on input line 34.
(pdftex.def)             Requested size: 252.5217pt x 129.42264pt.

<./images/Rx1.png, id=124, 1275.76625pt x 472.76625pt>
File: ./images/Rx1.png Graphic file (type png)
 <use ./images/Rx1.png>
Package pdftex.def Info: ./images/Rx1.png used on input line 45.
(pdftex.def)             Requested size: 510.29747pt x 189.10315pt.

Overfull \hbox (26.6006pt too wide) in paragraph at lines 45--46
 [][] 
 []

[19 <./images/Tx4.png> <./images/Rx1.png>]
<./images/Rx2.png, id=128, 1175.39125pt x 381.425pt>
File: ./images/Rx2.png Graphic file (type png)
 <use ./images/Rx2.png>
Package pdftex.def Info: ./images/Rx2.png used on input line 52.
(pdftex.def)             Requested size: 470.14818pt x 152.56729pt.

<./images/Rx3.png, id=129, 1160.335pt x 162.6075pt>
File: ./images/Rx3.png Graphic file (type png)
 <use ./images/Rx3.png>
Package pdftex.def Info: ./images/Rx3.png used on input line 60.
(pdftex.def)             Requested size: 417.72028pt x 58.53865pt.

[20 <./images/Rx2.png> <./images/Rx3.png>]
<./images/audioRicevuto.png, id=133, 1245.65375pt x 576.1525pt>
File: ./images/audioRicevuto.png Graphic file (type png)

<use ./images/audioRicevuto.png>
Package pdftex.def Info: ./images/audioRicevuto.png used on input line 81.
(pdftex.def)             Requested size: 435.98535pt x 201.65639pt.

Overfull \hbox (15.29356pt too wide) in paragraph at lines 119--120
[][] 
 []

) (./capitolo3.tex
Capitolo 7.
[21 <./images/audioRicevuto.png>]
<./images/rsaXml.png, id=138, 1371.1225pt x 770.88pt>
File: ./images/rsaXml.png Graphic file (type png)

<use ./images/rsaXml.png>
Package pdftex.def Info: ./images/rsaXml.png used on input line 13.
(pdftex.def)             Requested size: 479.90007pt x 269.81204pt.
 [22]
<./images/rsaTxCode.png, id=142, 972.63374pt x 281.05pt>
File: ./images/rsaTxCode.png Graphic file (type png)

<use ./images/rsaTxCode.png>
Package pdftex.def Info: ./images/rsaTxCode.png used on input line 24.
(pdftex.def)             Requested size: 427.96016pt x 123.66237pt.

<./images/rsaRxCode.png, id=143, 966.61125pt x 234.8775pt>
File: ./images/rsaRxCode.png Graphic file (type png)

<use ./images/rsaRxCode.png>
Package pdftex.def Info: ./images/rsaRxCode.png used on input line 30.
(pdftex.def)             Requested size: 425.31027pt x 103.3464pt.
 [23 <./images/rsaXml.png> <./images/rsaTxCode.png>] <./images/rsaTxQa.png, id=
147, 508.90125pt x 217.81375pt>
File: ./images/rsaTxQa.png Graphic file (type png)

<use ./images/rsaTxQa.png>
Package pdftex.def Info: ./images/rsaTxQa.png used on input line 40.
(pdftex.def)             Requested size: 223.91724pt x 95.83833pt.

<./images/rsaQaTxRun.png, id=148, 956.57375pt x 446.66875pt>
File: ./images/rsaQaTxRun.png Graphic file (type png)

<use ./images/rsaQaTxRun.png>
Package pdftex.def Info: ./images/rsaQaTxRun.png used on input line 45.
(pdftex.def)             Requested size: 286.97433pt x 134.00165pt.

<./images/rsaSimulazione.png, id=149, 1371.1225pt x 770.88pt>
File: ./images/rsaSimulazione.png Graphic file (type png)

<use ./images/rsaSimulazione.png>
Package pdftex.def Info: ./images/rsaSimulazione.png used on input line 52.
(pdftex.def)             Requested size: 479.90007pt x 269.81204pt.
 [24 <./images/rsaRxCode.png> <./images/rsaTxQa.png> <./images/rsaQaTxRun.png>]
 [25 <./images/rsaSimulazione.png>])
(./capitolo4.tex
Capitolo 8.
) (./cognome_nome_laurea_aa.bbl
Underfull \hbox (badness 10000) in paragraph at lines 4--7
[]\OT1/cmr/m/n/10.95 Allocazione-frequenze.  $\OT1/cmtt/m/n/10.95 http : / / ww
w . mise . gov . it / index . php / it / comunicazioni / radio /
 []


Underfull \vbox (badness 10000) has occurred while \output is active []

 [26]
Underfull \hbox (badness 10000) in paragraph at lines 38--41
[]\OT1/cmr/m/n/10.95 Dpsk.  $\OT1/cmtt/m/n/10.95 https : / / www . tutorialspoi
nt . com / digital _ communication / digital _
 []


Underfull \hbox (badness 10000) in paragraph at lines 52--55
[]\OT1/cmr/m/n/10.95 Equalizzazione.  $\OT1/cmtt/m/n/10.95 https : / / pdfs . s
emanticscholar . org / d8f6 /
 []


Overfull \hbox (24.36574pt too wide) in paragraph at lines 61--64
[]\OT1/cmr/m/n/10.95 Fsk.  $\OT1/cmtt/m/n/10.95 http : / / www . rfwireless-[]w
orld . com / Terminology / Advantages-[]and-[]Disadvantages-[]of-[]FSK .
 []


Underfull \hbox (badness 10000) in paragraph at lines 70--73
[]\OT1/cmr/m/n/10.95 Ofdm.  $\OT1/cmtt/m/n/10.95 http : / / www . revolutionwif
i . net / revolutionwifi / 2015 / 3 /
 []


Overfull \hbox (34.15613pt too wide) in paragraph at lines 85--88
[]\OT1/cmr/m/n/10.95 Papr.  $\OT1/cmtt/m/n/10.95 http : / / www . techplayon . 
com / papr-[]peak-[]average-[]power-[]ratio-[]matters-[]power-[]amplifier/$\OT1
/cmr/m/n/10.95 . 
 []


Underfull \hbox (badness 10000) in paragraph at lines 90--93
[]\OT1/cmr/m/n/10.95 Qam.  $\OT1/cmtt/m/n/10.95 https : / / www . radio-[]elect
ronics . com / info / rf-[]technology-[]design /
 []


Underfull \hbox (badness 10000) in paragraph at lines 112--115
[]\OT1/cmr/m/n/10.95 Sdr-pi^^Ru-redditizio-della-droga.  $\OT1/cmtt/m/n/10.95 h
ttps : / / zeptobars . com / en / read /
 []

) [27] (./cognome_nome_laurea_aa.aux)

LaTeX Warning: There were multiply-defined labels.

 )
(\end occurred inside a group at level 1)

### semi simple group (level 1) entered at line 87 (\begingroup)
### bottom level 
Here is how much of TeX's memory you used:
 24237 strings out of 493029
 600932 string characters out of 6136234
 774256 words of memory out of 5000000
 27288 multiletter control sequences out of 15000+600000
 12062 words of font info for 42 fonts, out of 8000000 for 9000
 1141 hyphenation exceptions out of 8191
 62i,13n,77p,1671b,2278s stack positions out of 5000i,500n,10000p,200000b,80000s
</usr/share/texlive/texmf-dist/fonts/type1/public/amsfonts/cm/c
mbx10.pfb></usr/share/texlive/texmf-dist/fonts/type1/public/amsfonts/cm/cmbx12.
pfb></usr/share/texlive/texmf-dist/fonts/type1/public/amsfonts/cm/cmcsc10.pfb><
/usr/share/texlive/texmf-dist/fonts/type1/public/amsfonts/cm/cmmi10.pfb></usr/s
hare/texlive/texmf-dist/fonts/type1/public/amsfonts/cm/cmmi8.pfb></usr/share/te
xlive/texmf-dist/fonts/type1/public/amsfonts/cm/cmr10.pfb></usr/share/texlive/t
exmf-dist/fonts/type1/public/amsfonts/cm/cmr12.pfb></usr/share/texlive/texmf-di
st/fonts/type1/public/amsfonts/cm/cmr17.pfb></usr/share/texlive/texmf-dist/font
s/type1/public/amsfonts/cm/cmr8.pfb></usr/share/texlive/texmf-dist/fonts/type1/
public/amsfonts/cm/cmsy10.pfb></usr/share/texlive/texmf-dist/fonts/type1/public
/amsfonts/cm/cmsy8.pfb></usr/share/texlive/texmf-dist/fonts/type1/public/amsfon
ts/cm/cmti10.pfb></usr/share/texlive/texmf-dist/fonts/type1/public/amsfonts/cm/
cmtt10.pfb>
Output written on cognome_nome_laurea_aa.pdf (31 pages, 2315492 bytes).
PDF statistics:
 207 PDF objects out of 1000 (max. 8388607)
 115 compressed objects within 2 object streams
 0 named destinations out of 1000 (max. 500000)
 198 words of extra memory for PDF output out of 10000 (max. 10000000)

